# JRE version: Java(TM) SE Runtime Environment (17.0.12+8) (build 17.0.12+8-LTS-286)
# Java VM: Java HotSpot(TM) 64-Bit Server VM (17.0.12+8-LTS-286, mixed mode, sharing, tiered, compressed oops, compressed class ptrs, g1 gc, windows-amd64)
GC Precious Log:
 CPUs: 16 total, 16 available
 Memory: 32174M
 Large Page Support: Disabled
 NUMA Support: Disabled
 Compressed Oops: Enabled (Zero based)
 Heap Region Size: 4M
 Heap Min Capacity: 8M
 Heap Initial Capacity: 504M
 Heap Max Capacity: 8044M
 Pre-touch: Disabled
 Parallel Workers: 13
 Concurrent Workers: 3
 Concurrent Refinement Workers: 13
 Periodic GC: Disabled
Heap:
 garbage-first heap   total 315392K, used 128116K [0x0000000609400000, 0x0000000800000000)
  region size 4096K, 10 young (40960K), 3 survivors (12288K)
 Metaspace       used 38248K, committed 38656K, reserved 1114112K
  class space    used 4129K, committed 4288K, reserved 1048576K
GC Heap History (20 events):
Event: 6.591 GC heap before
{Heap before GC invocations=2 (full 0):
 garbage-first heap   total 516096K, used 242629K [0x0000000609400000, 0x0000000800000000)
  region size 4096K, 60 young (245760K), 1 survivors (4096K)
 Metaspace       used 21281K, committed 21504K, reserved 1114112K
  class space    used 2379K, committed 2496K, reserved 1048576K
}
Event: 6.600 GC heap after
{Heap after GC invocations=3 (full 0):
 garbage-first heap   total 516096K, used 25639K [0x0000000609400000, 0x0000000800000000)
  region size 4096K, 6 young (24576K), 6 survivors (24576K)
 Metaspace       used 21281K, committed 21504K, reserved 1114112K
  class space    used 2379K, committed 2496K, reserved 1048576K
}
Event: 7.352 GC heap before
{Heap before GC invocations=4 (full 0):
 garbage-first heap   total 110592K, used 66599K [0x0000000609400000, 0x0000000800000000)
  region size 4096K, 16 young (65536K), 6 survivors (24576K)
 Metaspace       used 26474K, committed 26816K, reserved 1114112K
  class space    used 2982K, committed 3136K, reserved 1048576K
}
Event: 7.366 GC heap after
{Heap after GC invocations=5 (full 0):
 garbage-first heap   total 110592K, used 37792K [0x0000000609400000, 0x0000000800000000)
  region size 4096K, 2 young (8192K), 2 survivors (8192K)
 Metaspace       used 26474K, committed 26816K, reserved 1114112K
  class space    used 2982K, committed 3136K, reserved 1048576K
}
Event: 7.440 GC heap before
{Heap before GC invocations=5 (full 0):
 garbage-first heap   total 110592K, used 41888K [0x0000000609400000, 0x0000000800000000)
  region size 4096K, 3 young (12288K), 2 survivors (8192K)
 Metaspace       used 26482K, committed 26816K, reserved 1114112K
  class space    used 2982K, committed 3136K, reserved 1048576K
}
Event: 7.457 GC heap after
{Heap after GC invocations=6 (full 0):
 garbage-first heap   total 110592K, used 40702K [0x0000000609400000, 0x0000000800000000)
  region size 4096K, 1 young (4096K), 1 survivors (4096K)
 Metaspace       used 26482K, committed 26816K, reserved 1114112K
  class space    used 2982K, committed 3136K, reserved 1048576K
}
Event: 7.934 GC heap before
{Heap before GC invocations=6 (full 0):
 garbage-first heap   total 110592K, used 69374K [0x0000000609400000, 0x0000000800000000)
  region size 4096K, 8 young (32768K), 1 survivors (4096K)
 Metaspace       used 26511K, committed 26816K, reserved 1114112K
  class space    used 2982K, committed 3136K, reserved 1048576K
}
Event: 7.941 GC heap after
{Heap after GC invocations=7 (full 0):
 garbage-first heap   total 315392K, used 51437K [0x0000000609400000, 0x0000000800000000)
  region size 4096K, 1 young (4096K), 1 survivors (4096K)
 Metaspace       used 26511K, committed 26816K, reserved 1114112K
  class space    used 2982K, committed 3136K, reserved 1048576K
}
Event: 10.270 GC heap before
{Heap before GC invocations=7 (full 0):
 garbage-first heap   total 315392K, used 190701K [0x0000000609400000, 0x0000000800000000)
  region size 4096K, 35 young (143360K), 1 survivors (4096K)
 Metaspace       used 30313K, committed 30656K, reserved 1114112K
  class space    used 3337K, committed 3520K, reserved 1048576K
}
Event: 10.285 GC heap after
{Heap after GC invocations=8 (full 0):
 garbage-first heap   total 315392K, used 63909K [0x0000000609400000, 0x0000000800000000)
  region size 4096K, 5 young (20480K), 5 survivors (20480K)
 Metaspace       used 30313K, committed 30656K, reserved 1114112K
  class space    used 3337K, committed 3520K, reserved 1048576K
}
Event: 11.538 GC heap before
{Heap before GC invocations=8 (full 0):
 garbage-first heap   total 315392K, used 203173K [0x0000000609400000, 0x0000000800000000)
  region size 4096K, 39 young (159744K), 5 survivors (20480K)
 Metaspace       used 30579K, committed 31040K, reserved 1114112K
  class space    used 3359K, committed 3584K, reserved 1048576K
}
Event: 11.551 GC heap after
{Heap after GC invocations=9 (full 0):
 garbage-first heap   total 315392K, used 71771K [0x0000000609400000, 0x0000000800000000)
  region size 4096K, 2 young (8192K), 2 survivors (8192K)
 Metaspace       used 30579K, committed 31040K, reserved 1114112K
  class space    used 3359K, committed 3584K, reserved 1048576K
}
Event: 12.236 GC heap before
{Heap before GC invocations=9 (full 0):
 garbage-first heap   total 315392K, used 215131K [0x0000000609400000, 0x0000000800000000)
  region size 4096K, 37 young (151552K), 2 survivors (8192K)
 Metaspace       used 30721K, committed 31168K, reserved 1114112K
  class space    used 3363K, committed 3584K, reserved 1048576K
}
Event: 12.242 GC heap after
{Heap after GC invocations=10 (full 0):
 garbage-first heap   total 315392K, used 73533K [0x0000000609400000, 0x0000000800000000)
  region size 4096K, 3 young (12288K), 3 survivors (12288K)
 Metaspace       used 30721K, committed 31168K, reserved 1114112K
  class space    used 3363K, committed 3584K, reserved 1048576K
}
Event: 13.079 GC heap before
{Heap before GC invocations=10 (full 0):
 garbage-first heap   total 315392K, used 225085K [0x0000000609400000, 0x0000000800000000)
  region size 4096K, 40 young (163840K), 3 survivors (12288K)
 Metaspace       used 30797K, committed 31232K, reserved 1114112K
  class space    used 3363K, committed 3584K, reserved 1048576K
}
Event: 13.087 GC heap after
{Heap after GC invocations=11 (full 0):
 garbage-first heap   total 315392K, used 74662K [0x0000000609400000, 0x0000000800000000)
  region size 4096K, 3 young (12288K), 3 survivors (12288K)
 Metaspace       used 30797K, committed 31232K, reserved 1114112K
  class space    used 3363K, committed 3584K, reserved 1048576K
}
Event: 18.192 GC heap before
{Heap before GC invocations=11 (full 0):
 garbage-first heap   total 315392K, used 238502K [0x0000000609400000, 0x0000000800000000)
  region size 4096K, 42 young (172032K), 3 survivors (12288K)
 Metaspace       used 33923K, committed 34304K, reserved 1114112K
  class space    used 3656K, committed 3840K, reserved 1048576K
}
Event: 18.209 GC heap after
{Heap after GC invocations=12 (full 0):
 garbage-first heap   total 315392K, used 100795K [0x0000000609400000, 0x0000000800000000)
  region size 4096K, 6 young (24576K), 6 survivors (24576K)
 Metaspace       used 33923K, committed 34304K, reserved 1114112K
  class space    used 3656K, committed 3840K, reserved 1048576K
}
Event: 19.939 GC heap before
{Heap before GC invocations=12 (full 0):
 garbage-first heap   total 315392K, used 199099K [0x0000000609400000, 0x0000000800000000)
  region size 4096K, 31 young (126976K), 6 survivors (24576K)
 Metaspace       used 35767K, committed 36160K, reserved 1114112K
  class space    used 3856K, committed 4032K, reserved 1048576K
}
Event: 19.953 GC heap after
{Heap after GC invocations=13 (full 0):
 garbage-first heap   total 315392K, used 103540K [0x0000000609400000, 0x0000000800000000)
  region size 4096K, 3 young (12288K), 3 survivors (12288K)
 Metaspace       used 35767K, committed 36160K, reserved 1114112K
  class space    used 3856K, committed 4032K, reserved 1048576K
}

